This file contains any messages produced by compilers while
running configure, to aid debugging if configure makes a mistake.

It was created by configure, which was
generated by GNU Autoconf 2.72.  Invocation command line was

  $ ./configure --with-php-config=/Applications/XAMPP/xamppfiles/bin/php-config --with-icu-dir=/opt/homebrew/opt/icu4c@76

## --------- ##
## Platform. ##
## --------- ##

hostname = asus-taufiq.local
uname -m = arm64
uname -r = 24.0.0
uname -s = Darwin
uname -v = Darwin Kernel Version 24.0.0: Mon Aug 12 20:54:26 PDT 2024; root:xnu-11215.1.10~2/RELEASE_ARM64_T8112

/usr/bin/uname -p = arm
/bin/uname -X     = unknown

/bin/arch              = unknown
/usr/bin/arch -k       = unknown
/usr/convex/getsysinfo = unknown
/usr/bin/hostinfo      = Mach kernel version:
	 Darwin Kernel Version 24.0.0: Mon Aug 12 20:54:26 PDT 2024; root:xnu-11215.1.10~2/RELEASE_ARM64_T8112
Kernel configured for up to 8 processors.
8 processors are physically available.
8 processors are logically available.
Processor type: arm64e (ARM64E)
Processors active: 0 1 2 3 4 5 6 7
Primary memory available: 8.00 gigabytes
Default processor set: 577 tasks, 3057 threads, 8 processors
Load average: 14.84, Mach factor: 0.54
/bin/machine           = unknown
/usr/bin/oslevel       = unknown
/bin/universe          = unknown

PATH: /Applications/XAMPP/xamppfiles/bin/
PATH: /opt/homebrew/opt/icu4c@76/sbin/
PATH: /opt/homebrew/opt/icu4c@76/bin/
PATH: /Applications/XAMPP/xamppfiles/bin/
PATH: /opt/homebrew/bin/
PATH: /opt/homebrew/sbin/
PATH: /usr/local/bin/
PATH: /System/Cryptexes/App/usr/bin/
PATH: /usr/bin/
PATH: /bin/
PATH: /usr/sbin/
PATH: /sbin/
PATH: /var/run/com.apple.security.cryptexd/codex.system/bootstrap/usr/local/bin/
PATH: /var/run/com.apple.security.cryptexd/codex.system/bootstrap/usr/bin/
PATH: /var/run/com.apple.security.cryptexd/codex.system/bootstrap/usr/appleinternal/bin/
PATH: /Applications/Postgres.app/Contents/Versions/latest/bin/
PATH: /Applications/XAMPP/xamppfiles/bin/
PATH: /usr/local/mysql-8.2.0-macos13-arm64/bin/


## ----------- ##
## Core tests. ##
## ----------- ##

configure:2814: looking for aux files: config.guess config.sub
configure:2827:  trying ./build/
configure:2856:   ./build/config.guess found
configure:2856:   ./build/config.sub found
configure:2974: checking for grep that handles long lines and -e
configure:3040: result: /usr/bin/grep
configure:3045: checking for egrep
configure:3115: result: /usr/bin/grep -E
configure:3122: checking for a sed that does not truncate output
configure:3194: result: /usr/bin/sed
configure:3339: checking for pkg-config
configure:3362: found /Applications/XAMPP/xamppfiles/bin/pkg-config
configure:3375: result: /Applications/XAMPP/xamppfiles/bin/pkg-config
configure:3400: checking pkg-config is at least version 0.9.0
configure:3403: result: yes
configure:3480: checking for cc
configure:3501: found /usr/bin/cc
configure:3513: result: cc
configure:3544: checking for C compiler version
configure:3553: cc --version >&5
Apple clang version 15.0.0 (clang-1500.1.0.2.5)
Target: arm64-apple-darwin24.0.0
Thread model: posix
InstalledDir: /Library/Developer/CommandLineTools/usr/bin
configure:3564: $? = 0
configure:3553: cc -v >&5
Apple clang version 15.0.0 (clang-1500.1.0.2.5)
Target: arm64-apple-darwin24.0.0
Thread model: posix
InstalledDir: /Library/Developer/CommandLineTools/usr/bin
configure:3564: $? = 0
configure:3553: cc -V >&5
clang: error: argument to '-V' is missing (expected 1 value)
clang: error: no input files
configure:3564: $? = 1
configure:3553: cc -qversion >&5
clang: error: unknown argument '-qversion'; did you mean '--version'?
clang: error: no input files
configure:3564: $? = 1
configure:3553: cc -version >&5
clang: error: unknown argument '-version'; did you mean '--version'?
clang: error: no input files
configure:3564: $? = 1
configure:3584: checking whether the C compiler works
configure:3606: cc  -I/opt/homebrew/opt/icu4c@76/include -L/opt/homebrew/opt/icu4c@76/lib conftest.c  >&5
configure:3610: $? = 0
configure:3661: result: yes
configure:3665: checking for C compiler default output file name
configure:3667: result: a.out
configure:3673: checking for suffix of executables
configure:3680: cc -o conftest  -I/opt/homebrew/opt/icu4c@76/include -L/opt/homebrew/opt/icu4c@76/lib conftest.c  >&5
configure:3684: $? = 0
configure:3708: result: 
configure:3732: checking whether we are cross compiling
configure:3740: cc -o conftest  -I/opt/homebrew/opt/icu4c@76/include -L/opt/homebrew/opt/icu4c@76/lib conftest.c  >&5
configure:3744: $? = 0
configure:3751: ./conftest
configure:3755: $? = 0
configure:3770: result: no
configure:3776: checking for suffix of object files
configure:3799: cc -c  -I/opt/homebrew/opt/icu4c@76/include conftest.c >&5
configure:3803: $? = 0
configure:3827: result: o
configure:3831: checking whether the compiler supports GNU C
configure:3851: cc -c  -I/opt/homebrew/opt/icu4c@76/include conftest.c >&5
configure:3851: $? = 0
configure:3863: result: yes
configure:3874: checking whether cc accepts -g
configure:3895: cc -c -g -I/opt/homebrew/opt/icu4c@76/include conftest.c >&5
configure:3895: $? = 0
configure:3942: result: yes
configure:3962: checking for cc option to enable C11 features
configure:3977: cc  -c -g -O2 -I/opt/homebrew/opt/icu4c@76/include conftest.c >&5
configure:3977: $? = 0
configure:3996: result: none needed
configure:4120: checking how to run the C preprocessor
configure:4146: cc -E -I/opt/homebrew/opt/icu4c@76/include conftest.c
configure:4146: $? = 0
configure:4162: cc -E -I/opt/homebrew/opt/icu4c@76/include conftest.c
conftest.c:9:10: fatal error: 'ac_nonexistent.h' file not found
#include <ac_nonexistent.h>
         ^~~~~~~~~~~~~~~~~~
1 error generated.
configure:4162: $? = 1
configure: failed program was:
| /* confdefs.h */
| #define PACKAGE_NAME ""
| #define PACKAGE_TARNAME ""
| #define PACKAGE_VERSION ""
| #define PACKAGE_STRING ""
| #define PACKAGE_BUGREPORT ""
| #define PACKAGE_URL ""
| /* end confdefs.h.  */
| #include <ac_nonexistent.h>
configure:4191: result: cc -E
configure:4205: cc -E -I/opt/homebrew/opt/icu4c@76/include conftest.c
configure:4205: $? = 0
configure:4221: cc -E -I/opt/homebrew/opt/icu4c@76/include conftest.c
conftest.c:9:10: fatal error: 'ac_nonexistent.h' file not found
#include <ac_nonexistent.h>
         ^~~~~~~~~~~~~~~~~~
1 error generated.
configure:4221: $? = 1
configure: failed program was:
| /* confdefs.h */
| #define PACKAGE_NAME ""
| #define PACKAGE_TARNAME ""
| #define PACKAGE_VERSION ""
| #define PACKAGE_STRING ""
| #define PACKAGE_BUGREPORT ""
| #define PACKAGE_URL ""
| /* end confdefs.h.  */
| #include <ac_nonexistent.h>
configure:4254: checking for egrep -e
configure:4384: result: /usr/bin/grep -E
configure:4390: checking for icc
configure:4400: result: no
configure:4415: checking for suncc
configure:4425: result: no
configure:4444: checking for system library directory
configure:4461: result: lib
configure:4468: checking if compiler supports -Wl,-rpath,
configure:4488: cc -o conftest -g -O2 -I/opt/homebrew/opt/icu4c@76/include -L/opt/homebrew/opt/icu4c@76/lib conftest.c -Wl,-rpath,/usr/lib  >&5
configure:4488: $? = 0
configure:4501: result: yes
configure:4558: checking build system type
configure:4574: result: aarch64-apple-darwin24.0.0
configure:4594: checking host system type
configure:4609: result: aarch64-apple-darwin24.0.0
configure:4629: checking target system type
configure:4644: result: aarch64-apple-darwin24.0.0
configure:4749: checking for PHP prefix
configure:4751: result: /Applications/XAMPP/xamppfiles
configure:4753: checking for PHP includes
configure:4755: result: -I/Applications/XAMPP/xamppfiles/include/php -I/Applications/XAMPP/xamppfiles/include/php/main -I/Applications/XAMPP/xamppfiles/include/php/TSRM -I/Applications/XAMPP/xamppfiles/include/php/Zend -I/Applications/XAMPP/xamppfiles/include/php/ext -I/Applications/XAMPP/xamppfiles/include/php/ext/date/lib
configure:4757: checking for PHP extension directory
configure:4759: result: /Applications/XAMPP/xamppfiles/lib/php/extensions/no-debug-non-zts-20210902
configure:4761: checking for PHP installed headers prefix
configure:4763: result: /Applications/XAMPP/xamppfiles/include/php
configure:4766: checking if debug is enabled
configure:4794: result: no
configure:4797: checking if zts is enabled
configure:4825: result: no
configure:4893: checking for gawk
configure:4930: result: no
configure:4893: checking for nawk
configure:4930: result: no
configure:4893: checking for awk
configure:4915: found /usr/bin/awk
configure:4927: result: awk
configure:4950: checking if awk is broken
configure:4957: result: no
configure:4970: checking whether to enable internationalization support
configure:5011: result: yes, shared
configure:5021: checking for icu-uc >= 50.1 icu-io icu-i18n
configure:5028: $PKG_CONFIG --exists --print-errors "icu-uc >= 50.1 icu-io icu-i18n"
configure:5031: $? = 0
configure:5045: $PKG_CONFIG --exists --print-errors "icu-uc >= 50.1 icu-io icu-i18n"
configure:5048: $? = 0
configure:5106: result: yes
configure:5824: checking for g++
configure:5845: found /usr/bin/g++
configure:5857: result: g++
configure:5884: checking for C++ compiler version
configure:5893: g++ --version >&5
Apple clang version 15.0.0 (clang-1500.1.0.2.5)
Target: arm64-apple-darwin24.0.0
Thread model: posix
InstalledDir: /Library/Developer/CommandLineTools/usr/bin
configure:5904: $? = 0
configure:5893: g++ -v >&5
Apple clang version 15.0.0 (clang-1500.1.0.2.5)
Target: arm64-apple-darwin24.0.0
Thread model: posix
InstalledDir: /Library/Developer/CommandLineTools/usr/bin
configure:5904: $? = 0
configure:5893: g++ -V >&5
clang: error: argument to '-V' is missing (expected 1 value)
clang: error: no input files
configure:5904: $? = 1
configure:5893: g++ -qversion >&5
clang: error: unknown argument '-qversion'; did you mean '--version'?
clang: error: no input files
configure:5904: $? = 1
configure:5908: checking whether the compiler supports GNU C++
configure:5928: g++ -c  -I/opt/homebrew/opt/icu4c@76/include conftest.cpp >&5
configure:5928: $? = 0
configure:5940: result: yes
configure:5951: checking whether g++ accepts -g
configure:5972: g++ -c -g -I/opt/homebrew/opt/icu4c@76/include conftest.cpp >&5
configure:5972: $? = 0
configure:6019: result: yes
configure:6039: checking for g++ option to enable C++11 features
configure:6054: g++  -c -g -O2 -I/opt/homebrew/opt/icu4c@76/include conftest.cpp >&5
conftest.cpp:56:3: error: "Compiler does not advertise C++11 conformance"
# error "Compiler does not advertise C++11 conformance"
  ^
conftest.cpp:61:3: error: unknown type name 'constexpr'
  constexpr int get_val() { return 20; }
  ^
conftest.cpp:73:17: error: delegating constructors are permitted only in C++11
    delegate(): delegate(2354) {}
                ^~~~~~~~
conftest.cpp:84:26: warning: 'override' keyword is a C++11 extension [-Wc++11-extensions]
    virtual int getval() override final { return this->n * 2; }
                         ^
conftest.cpp:84:35: warning: 'final' keyword is a C++11 extension [-Wc++11-extensions]
    virtual int getval() override final { return this->n * 2; }
                                  ^
conftest.cpp:91:16: warning: defaulted function definitions are a C++11 extension [-Wc++11-extensions]
    nocopy() = default;
               ^
conftest.cpp:92:29: warning: deleted function definitions are a C++11 extension [-Wc++11-extensions]
    nocopy(const nocopy&) = delete;
                            ^
conftest.cpp:93:41: warning: deleted function definitions are a C++11 extension [-Wc++11-extensions]
    nocopy & operator=(const nocopy&) = delete;
                                        ^
conftest.cpp:105:25: warning: 'auto' type specifier is a C++11 extension [-Wc++11-extensions]
  template <typename V> auto sum(V first) -> V
                        ^
conftest.cpp:105:25: error: 'auto' not allowed in function return type
  template <typename V> auto sum(V first) -> V
                        ^~~~
conftest.cpp:105:42: error: expected ';' at end of declaration
  template <typename V> auto sum(V first) -> V
                                         ^
                                         ;
conftest.cpp:105:43: error: cannot use arrow operator on a type
  template <typename V> auto sum(V first) -> V
                                          ^
conftest.cpp:109:33: warning: variadic templates are a C++11 extension [-Wc++11-extensions]
  template <typename V, typename... Args> auto sum(V first, Args... rest) -> V
                                ^
conftest.cpp:109:43: warning: 'auto' type specifier is a C++11 extension [-Wc++11-extensions]
  template <typename V, typename... Args> auto sum(V first, Args... rest) -> V
                                          ^
conftest.cpp:109:43: error: 'auto' not allowed in function return type
  template <typename V, typename... Args> auto sum(V first, Args... rest) -> V
                                          ^~~~
conftest.cpp:109:74: error: expected ';' at end of declaration
  template <typename V, typename... Args> auto sum(V first, Args... rest) -> V
                                                                         ^
                                                                         ;
conftest.cpp:109:75: error: cannot use arrow operator on a type
  template <typename V, typename... Args> auto sum(V first, Args... rest) -> V
                                                                          ^
conftest.cpp:133:3: warning: 'auto' type specifier is a C++11 extension [-Wc++11-extensions]
  auto a1 = 6538;
  ^
conftest.cpp:134:3: warning: 'auto' type specifier is a C++11 extension [-Wc++11-extensions]
  auto a2 = 48573953.4;
  ^
conftest.cpp:135:3: warning: 'auto' type specifier is a C++11 extension [-Wc++11-extensions]
  auto a3 = "String literal";
  ^
conftest.cpp:138:8: warning: 'auto' type specifier is a C++11 extension [-Wc++11-extensions]
  for (auto i = a3; *i; ++i) { total += *i; }
       ^
conftest.cpp:154:8: warning: 'auto' type specifier is a C++11 extension [-Wc++11-extensions]
  for (auto &x : array) { x += 23; }
       ^
conftest.cpp:154:16: warning: range-based for loop is a C++11 extension [-Wc++11-extensions]
  for (auto &x : array) { x += 23; }
               ^
conftest.cpp:159:17: error: expected expression
  assert (eval ([](int x) { return x*2; }, 21) == 42);
                ^
conftest.cpp:161:17: error: expected expression
  assert (eval ([&](double x) { return d += x; }, 3.0) == 5.0);
                ^
conftest.cpp:163:17: error: expected expression
  assert (eval ([=](double x) mutable { return d += x; }, 4.0) == 9.0);
                ^
conftest.cpp:169:3: warning: 'auto' type specifier is a C++11 extension [-Wc++11-extensions]
  auto a = sum(1);
  ^
conftest.cpp:169:12: error: no matching function for call to 'sum'
  auto a = sum(1);
           ^~~
conftest.cpp:170:3: warning: 'auto' type specifier is a C++11 extension [-Wc++11-extensions]
  auto b = sum(1, 2);
  ^
conftest.cpp:170:12: error: no matching function for call to 'sum'
  auto b = sum(1, 2);
           ^~~
conftest.cpp:171:3: warning: 'auto' type specifier is a C++11 extension [-Wc++11-extensions]
  auto c = sum(1.0, 2.0, 3.0);
  ^
conftest.cpp:171:12: error: no matching function for call to 'sum'
  auto c = sum(1.0, 2.0, 3.0);
           ^~~
conftest.cpp:176:25: warning: empty parentheses interpreted as a function declaration [-Wvexing-parse]
  cxx11test::delegate d2();
                        ^~
conftest.cpp:176:25: note: remove parentheses to declare a variable
  cxx11test::delegate d2();
                        ^~
conftest.cpp:189:16: error: found '<::' after a template name which forms the digraph '<:' (aka '[') and a ':', did you mean '< ::'?
  test_template<::test_template<int>> v(test_template<int>(12));
               ^~~
               < ::
conftest.cpp:189:36: error: a space is required between consecutive right angle brackets (use '> >')
  test_template<::test_template<int>> v(test_template<int>(12));
                                   ^~
                                   > >
conftest.cpp:193:22: error: use of undeclared identifier 'u8'
  char const *utf8 = u8"UTF-8 string \u2500";
                     ^
conftest.cpp:193:24: error: expected ';' at end of declaration
  char const *utf8 = u8"UTF-8 string \u2500";
                       ^
                       ;
fatal error: too many errors emitted, stopping now [-ferror-limit=]
18 warnings and 20 errors generated.
configure:6054: $? = 1
configure: failed program was:
| /* confdefs.h */
| #define PACKAGE_NAME ""
| #define PACKAGE_TARNAME ""
| #define PACKAGE_VERSION ""
| #define PACKAGE_STRING ""
| #define PACKAGE_BUGREPORT ""
| #define PACKAGE_URL ""
| #define COMPILE_DL_INTL 1
| /* end confdefs.h.  */
| 
| // Does the compiler advertise C++98 conformance?
| #if !defined __cplusplus || __cplusplus < 199711L
| # error "Compiler does not advertise C++98 conformance"
| #endif
| 
| // These inclusions are to reject old compilers that
| // lack the unsuffixed header files.
| #include <cstdlib>
| #include <exception>
| 
| // <cassert> and <cstring> are *not* freestanding headers in C++98.
| extern void assert (int);
| namespace std {
|   extern int strcmp (const char *, const char *);
| }
| 
| // Namespaces, exceptions, and templates were all added after "C++ 2.0".
| using std::exception;
| using std::strcmp;
| 
| namespace {
| 
| void test_exception_syntax()
| {
|   try {
|     throw "test";
|   } catch (const char *s) {
|     // Extra parentheses suppress a warning when building autoconf itself,
|     // due to lint rules shared with more typical C programs.
|     assert (!(strcmp) (s, "test"));
|   }
| }
| 
| template <typename T> struct test_template
| {
|   T const val;
|   explicit test_template(T t) : val(t) {}
|   template <typename U> T add(U u) { return static_cast<T>(u) + val; }
| };
| 
| } // anonymous namespace
| 
| 
| // Does the compiler advertise C++ 2011 conformance?
| #if !defined __cplusplus || __cplusplus < 201103L
| # error "Compiler does not advertise C++11 conformance"
| #endif
| 
| namespace cxx11test
| {
|   constexpr int get_val() { return 20; }
| 
|   struct testinit
|   {
|     int i;
|     double d;
|   };
| 
|   class delegate
|   {
|   public:
|     delegate(int n) : n(n) {}
|     delegate(): delegate(2354) {}
| 
|     virtual int getval() { return this->n; };
|   protected:
|     int n;
|   };
| 
|   class overridden : public delegate
|   {
|   public:
|     overridden(int n): delegate(n) {}
|     virtual int getval() override final { return this->n * 2; }
|   };
| 
|   class nocopy
|   {
|   public:
|     nocopy(int i): i(i) {}
|     nocopy() = default;
|     nocopy(const nocopy&) = delete;
|     nocopy & operator=(const nocopy&) = delete;
|   private:
|     int i;
|   };
| 
|   // for testing lambda expressions
|   template <typename Ret, typename Fn> Ret eval(Fn f, Ret v)
|   {
|     return f(v);
|   }
| 
|   // for testing variadic templates and trailing return types
|   template <typename V> auto sum(V first) -> V
|   {
|     return first;
|   }
|   template <typename V, typename... Args> auto sum(V first, Args... rest) -> V
|   {
|     return first + sum(rest...);
|   }
| }
| 
| 
| int
| main (int argc, char **argv)
| {
|   int ok = 0;
|   
|   assert (argc);
|   assert (! argv[0]);
| {
|   test_exception_syntax ();
|   test_template<double> tt (2.0);
|   assert (tt.add (4) == 6.0);
|   assert (true && !false);
| }
| 
|   
| {
|   // Test auto and decltype
|   auto a1 = 6538;
|   auto a2 = 48573953.4;
|   auto a3 = "String literal";
| 
|   int total = 0;
|   for (auto i = a3; *i; ++i) { total += *i; }
| 
|   decltype(a2) a4 = 34895.034;
| }
| {
|   // Test constexpr
|   short sa[cxx11test::get_val()] = { 0 };
| }
| {
|   // Test initializer lists
|   cxx11test::testinit il = { 4323, 435234.23544 };
| }
| {
|   // Test range-based for
|   int array[] = {9, 7, 13, 15, 4, 18, 12, 10, 5, 3,
|                  14, 19, 17, 8, 6, 20, 16, 2, 11, 1};
|   for (auto &x : array) { x += 23; }
| }
| {
|   // Test lambda expressions
|   using cxx11test::eval;
|   assert (eval ([](int x) { return x*2; }, 21) == 42);
|   double d = 2.0;
|   assert (eval ([&](double x) { return d += x; }, 3.0) == 5.0);
|   assert (d == 5.0);
|   assert (eval ([=](double x) mutable { return d += x; }, 4.0) == 9.0);
|   assert (d == 5.0);
| }
| {
|   // Test use of variadic templates
|   using cxx11test::sum;
|   auto a = sum(1);
|   auto b = sum(1, 2);
|   auto c = sum(1.0, 2.0, 3.0);
| }
| {
|   // Test constructor delegation
|   cxx11test::delegate d1;
|   cxx11test::delegate d2();
|   cxx11test::delegate d3(45);
| }
| {
|   // Test override and final
|   cxx11test::overridden o1(55464);
| }
| {
|   // Test nullptr
|   char *c = nullptr;
| }
| {
|   // Test template brackets
|   test_template<::test_template<int>> v(test_template<int>(12));
| }
| {
|   // Unicode literals
|   char const *utf8 = u8"UTF-8 string \u2500";
|   char16_t const *utf16 = u"UTF-8 string \u2500";
|   char32_t const *utf32 = U"UTF-32 string \u2500";
| }
| 
|   return ok;
| }
| 
configure:6054: g++ -std=gnu++11 -c -g -O2 -I/opt/homebrew/opt/icu4c@76/include conftest.cpp >&5
conftest.cpp:176:25: warning: empty parentheses interpreted as a function declaration [-Wvexing-parse]
  cxx11test::delegate d2();
                        ^~
conftest.cpp:176:25: note: remove parentheses to declare a variable
  cxx11test::delegate d2();
                        ^~
1 warning generated.
configure:6054: $? = 0
configure:6076: result: -std=gnu++11
configure:6147: checking how to run the C++ preprocessor
configure:6169: g++ -std=gnu++11 -E -I/opt/homebrew/opt/icu4c@76/include conftest.cpp
configure:6169: $? = 0
configure:6185: g++ -std=gnu++11 -E -I/opt/homebrew/opt/icu4c@76/include conftest.cpp
conftest.cpp:10:10: fatal error: 'ac_nonexistent.h' file not found
#include <ac_nonexistent.h>
         ^~~~~~~~~~~~~~~~~~
1 error generated.
configure:6185: $? = 1
configure: failed program was:
| /* confdefs.h */
| #define PACKAGE_NAME ""
| #define PACKAGE_TARNAME ""
| #define PACKAGE_VERSION ""
| #define PACKAGE_STRING ""
| #define PACKAGE_BUGREPORT ""
| #define PACKAGE_URL ""
| #define COMPILE_DL_INTL 1
| /* end confdefs.h.  */
| #include <ac_nonexistent.h>
configure:6214: result: g++ -std=gnu++11 -E
configure:6228: g++ -std=gnu++11 -E -I/opt/homebrew/opt/icu4c@76/include conftest.cpp
configure:6228: $? = 0
configure:6244: g++ -std=gnu++11 -E -I/opt/homebrew/opt/icu4c@76/include conftest.cpp
conftest.cpp:10:10: fatal error: 'ac_nonexistent.h' file not found
#include <ac_nonexistent.h>
         ^~~~~~~~~~~~~~~~~~
1 error generated.
configure:6244: $? = 1
configure: failed program was:
| /* confdefs.h */
| #define PACKAGE_NAME ""
| #define PACKAGE_TARNAME ""
| #define PACKAGE_VERSION ""
| #define PACKAGE_STRING ""
| #define PACKAGE_BUGREPORT ""
| #define PACKAGE_URL ""
| #define COMPILE_DL_INTL 1
| /* end confdefs.h.  */
| #include <ac_nonexistent.h>
configure:6301: checking whether g++ -std=gnu++11 supports C++11 features with -std=c++11
configure:6600: g++ -std=gnu++11 -std=c++11 -c -g -O2 -I/opt/homebrew/opt/icu4c@76/include conftest.cpp >&5
configure:6600: $? = 0
configure:6612: result: yes
configure:6910: checking for a sed that does not truncate output
configure:6966: result: /usr/bin/sed
configure:6982: checking for ld used by cc
configure:7051: result: /Library/Developer/CommandLineTools/usr/bin/ld
configure:7058: checking if the linker (/Library/Developer/CommandLineTools/usr/bin/ld) is GNU ld
configure:7075: result: no
configure:7080: checking for /Library/Developer/CommandLineTools/usr/bin/ld option to reload object files
configure:7089: result: -r
configure:7107: checking for BSD-compatible nm
configure:7158: result: /usr/bin/nm -B
configure:7162: checking whether ln -s works
configure:7166: result: yes
configure:7173: checking how to recognize dependent libraries
configure:7361: result: pass_all
configure:7587: checking for stdio.h
configure:7587: cc -c -g -O2 -I/opt/homebrew/opt/icu4c@76/include conftest.c >&5
configure:7587: $? = 0
configure:7587: result: yes
configure:7587: checking for stdlib.h
configure:7587: cc -c -g -O2 -I/opt/homebrew/opt/icu4c@76/include conftest.c >&5
configure:7587: $? = 0
configure:7587: result: yes
configure:7587: checking for string.h
configure:7587: cc -c -g -O2 -I/opt/homebrew/opt/icu4c@76/include conftest.c >&5
configure:7587: $? = 0
configure:7587: result: yes
configure:7587: checking for inttypes.h
configure:7587: cc -c -g -O2 -I/opt/homebrew/opt/icu4c@76/include conftest.c >&5
configure:7587: $? = 0
configure:7587: result: yes
configure:7587: checking for stdint.h
configure:7587: cc -c -g -O2 -I/opt/homebrew/opt/icu4c@76/include conftest.c >&5
configure:7587: $? = 0
configure:7587: result: yes
configure:7587: checking for strings.h
configure:7587: cc -c -g -O2 -I/opt/homebrew/opt/icu4c@76/include conftest.c >&5
configure:7587: $? = 0
configure:7587: result: yes
configure:7587: checking for sys/stat.h
configure:7587: cc -c -g -O2 -I/opt/homebrew/opt/icu4c@76/include conftest.c >&5
configure:7587: $? = 0
configure:7587: result: yes
configure:7587: checking for sys/types.h
configure:7587: cc -c -g -O2 -I/opt/homebrew/opt/icu4c@76/include conftest.c >&5
configure:7587: $? = 0
configure:7587: result: yes
configure:7587: checking for unistd.h
configure:7587: cc -c -g -O2 -I/opt/homebrew/opt/icu4c@76/include conftest.c >&5
configure:7587: $? = 0
configure:7587: result: yes
configure:7612: checking for dlfcn.h
configure:7612: cc -c -g -O2 -I/opt/homebrew/opt/icu4c@76/include conftest.c >&5
configure:7612: $? = 0
configure:7612: result: yes
configure:7629: checking how to run the C++ preprocessor
configure:7696: result: g++ -std=gnu++11 -E
configure:7710: g++ -std=gnu++11 -E -I/opt/homebrew/opt/icu4c@76/include conftest.cpp
configure:7710: $? = 0
configure:7726: g++ -std=gnu++11 -E -I/opt/homebrew/opt/icu4c@76/include conftest.cpp
conftest.cpp:21:10: fatal error: 'ac_nonexistent.h' file not found
#include <ac_nonexistent.h>
         ^~~~~~~~~~~~~~~~~~
1 error generated.
configure:7726: $? = 1
configure: failed program was:
| /* confdefs.h */
| #define PACKAGE_NAME ""
| #define PACKAGE_TARNAME ""
| #define PACKAGE_VERSION ""
| #define PACKAGE_STRING ""
| #define PACKAGE_BUGREPORT ""
| #define PACKAGE_URL ""
| #define COMPILE_DL_INTL 1
| #define HAVE_STDIO_H 1
| #define HAVE_STDLIB_H 1
| #define HAVE_STRING_H 1
| #define HAVE_INTTYPES_H 1
| #define HAVE_STDINT_H 1
| #define HAVE_STRINGS_H 1
| #define HAVE_SYS_STAT_H 1
| #define HAVE_SYS_TYPES_H 1
| #define HAVE_UNISTD_H 1
| #define STDC_HEADERS 1
| #define HAVE_DLFCN_H 1
| /* end confdefs.h.  */
| #include <ac_nonexistent.h>
configure:7763: checking the maximum length of command line arguments
configure:7877: result: 786432
configure:7889: checking command to parse /usr/bin/nm -B output from cc object
configure:7995: g++ -std=gnu++11 -c -g -O2 -I/opt/homebrew/opt/icu4c@76/include conftest.cpp >&5
configure:7998: $? = 0
configure:8002: /usr/bin/nm -B conftest.o \| sed -n -e 's/^.*[ 	]\([ABCDGIRSTW][ABCDGIRSTW]*\)[ 	][ 	]*\([_A-Za-z][_A-Za-z0-9]*\)$/\1 \2 \2/p' \> conftest.nm
configure:8005: $? = 0
cannot find nm_test_var in conftest.nm
configure:7995: g++ -std=gnu++11 -c -g -O2 -I/opt/homebrew/opt/icu4c@76/include conftest.cpp >&5
configure:7998: $? = 0
configure:8002: /usr/bin/nm -B conftest.o \| sed -n -e 's/^.*[ 	]\([ABCDGIRSTW][ABCDGIRSTW]*\)[ 	][ 	]*_\([_A-Za-z][_A-Za-z0-9]*\)$/\1 _\2 \2/p' \> conftest.nm
configure:8005: $? = 0
configure:8057: g++ -std=gnu++11 -o conftest -g -O2 -I/opt/homebrew/opt/icu4c@76/include -L/opt/homebrew/opt/icu4c@76/lib conftest.cpp conftstm.o >&5
configure:8060: $? = 0
configure:8099: result: ok
configure:8103: checking for objdir
configure:8120: result: .libs
configure:8218: checking for ar
configure:8239: found /usr/bin/ar
configure:8251: result: ar
configure:8322: checking for ranlib
configure:8343: found /usr/bin/ranlib
configure:8355: result: ranlib
configure:8426: checking for strip
configure:8447: found /usr/bin/strip
configure:8459: result: strip
configure:8722: checking for dsymutil
configure:8743: found /usr/bin/dsymutil
configure:8755: result: dsymutil
configure:8826: checking for nmedit
configure:8847: found /usr/bin/nmedit
configure:8859: result: nmedit
configure:8882: checking for -single_module linker flag
configure:8905: result: yes
configure:8907: checking for -exported_symbols_list linker flag
configure:8924: g++ -std=gnu++11 -o conftest -g -O2 -I/opt/homebrew/opt/icu4c@76/include -L/opt/homebrew/opt/icu4c@76/lib -Wl,-exported_symbols_list,conftest.sym conftest.cpp -lstdc++  >&5
ld: warning: ignoring duplicate libraries: '-lc++'
configure:8927: $? = 0
configure:8942: result: yes
configure:9063: checking if cc supports -fno-rtti -fno-exceptions
configure:9082: cc -c -g -O2 -I/opt/homebrew/opt/icu4c@76/include -fno-rtti -fno-exceptions conftest.c >&5
configure:9086: $? = 0
configure:9100: result: yes
configure:9115: checking for cc option to produce PIC
configure:9355: result: -fno-common
configure:9363: checking if cc PIC flag -fno-common works
configure:9382: cc -c -g -O2 -I/opt/homebrew/opt/icu4c@76/include -fno-common -DPIC conftest.c >&5
configure:9386: $? = 0
configure:9400: result: yes
configure:9428: checking if cc static flag -static works
configure:9458: result: no
configure:9468: checking if cc supports -c -o file.o
configure:9490: cc -c -g -O2 -I/opt/homebrew/opt/icu4c@76/include -o out/conftest2.o conftest.c >&5
configure:9494: $? = 0
configure:9517: result: yes
configure:9543: checking whether the cc linker (/Library/Developer/CommandLineTools/usr/bin/ld) supports shared libraries
configure:10471: result: yes
configure:10538: checking dynamic linker characteristics
configure:11147: result: darwin24.0.0 dyld
configure:11175: checking how to hardcode library paths into programs
configure:11200: result: immediate
configure:11214: checking whether stripping libraries is possible
configure:11228: result: yes
configure:11782: checking if libtool supports shared libraries
configure:11784: result: yes
configure:11787: checking whether to build shared libraries
configure:11808: result: yes
configure:11811: checking whether to build static libraries
configure:11815: result: no
configure:11909: result:
creating libtool
configure:12504: checking for ld used by g++ -std=gnu++11
configure:12573: result: /Library/Developer/CommandLineTools/usr/bin/ld
configure:12580: checking if the linker (/Library/Developer/CommandLineTools/usr/bin/ld) is GNU ld
configure:12597: result: no
configure:12648: checking whether the g++ -std=gnu++11 linker (/Library/Developer/CommandLineTools/usr/bin/ld) supports shared libraries
configure:13546: result: yes
configure:13567: g++ -std=gnu++11 -c -g -O2 -I/opt/homebrew/opt/icu4c@76/include conftest.cpp >&5
configure:13570: $? = 0
configure:13726: checking for g++ -std=gnu++11 option to produce PIC
configure:14016: result: -fno-common
configure:14024: checking if g++ -std=gnu++11 PIC flag -fno-common works
configure:14043: g++ -std=gnu++11 -c -g -O2 -I/opt/homebrew/opt/icu4c@76/include -fno-common -DPIC conftest.cpp >&5
configure:14047: $? = 0
configure:14061: result: yes
configure:14089: checking if g++ -std=gnu++11 static flag -static works
configure:14119: result: no
configure:14129: checking if g++ -std=gnu++11 supports -c -o file.o
configure:14151: g++ -std=gnu++11 -c -g -O2 -I/opt/homebrew/opt/icu4c@76/include -o out/conftest2.o conftest.cpp >&5
configure:14155: $? = 0
configure:14178: result: yes
configure:14204: checking whether the g++ -std=gnu++11 linker (/Library/Developer/CommandLineTools/usr/bin/ld) supports shared libraries
configure:14230: result: yes
configure:14297: checking dynamic linker characteristics
configure:14854: result: darwin24.0.0 dyld
configure:14882: checking how to hardcode library paths into programs
configure:14907: result: immediate
configure:15695: patching config.h.in
configure:15706: creating ./config.status

## ---------------------- ##
## Running config.status. ##
## ---------------------- ##

This file was extended by config.status, which was
generated by GNU Autoconf 2.72.  Invocation command line was

  CONFIG_FILES    = 
  CONFIG_HEADERS  = 
  CONFIG_LINKS    = 
  CONFIG_COMMANDS = 
  $ ./config.status 

on asus-taufiq.local

config.status:672: creating config.h
configure:16603: WARNING: unrecognized options: --with-icu-dir

## ---------------- ##
## Cache variables. ##
## ---------------- ##

ac_cv_build=aarch64-apple-darwin24.0.0
ac_cv_c_compiler_gnu=yes
ac_cv_cxx_compiler_gnu=yes
ac_cv_env_CCC_set=
ac_cv_env_CCC_value=
ac_cv_env_CC_set=
ac_cv_env_CC_value=
ac_cv_env_CFLAGS_set=
ac_cv_env_CFLAGS_value=
ac_cv_env_CPPFLAGS_set=set
ac_cv_env_CPPFLAGS_value=-I/opt/homebrew/opt/icu4c@76/include
ac_cv_env_CPP_set=
ac_cv_env_CPP_value=
ac_cv_env_CXXCPP_set=
ac_cv_env_CXXCPP_value=
ac_cv_env_CXXFLAGS_set=
ac_cv_env_CXXFLAGS_value=
ac_cv_env_CXX_set=
ac_cv_env_CXX_value=
ac_cv_env_ICU_CFLAGS_set=
ac_cv_env_ICU_CFLAGS_value=
ac_cv_env_ICU_LIBS_set=
ac_cv_env_ICU_LIBS_value=
ac_cv_env_LDFLAGS_set=set
ac_cv_env_LDFLAGS_value=-L/opt/homebrew/opt/icu4c@76/lib
ac_cv_env_LIBS_set=
ac_cv_env_LIBS_value=
ac_cv_env_PKG_CONFIG_LIBDIR_set=
ac_cv_env_PKG_CONFIG_LIBDIR_value=
ac_cv_env_PKG_CONFIG_PATH_set=set
ac_cv_env_PKG_CONFIG_PATH_value=/opt/homebrew/opt/icu4c@76/lib/pkgconfig
ac_cv_env_PKG_CONFIG_set=
ac_cv_env_PKG_CONFIG_value=
ac_cv_env_build_alias_set=
ac_cv_env_build_alias_value=
ac_cv_env_host_alias_set=
ac_cv_env_host_alias_value=
ac_cv_env_target_alias_set=
ac_cv_env_target_alias_value=
ac_cv_header_dlfcn_h=yes
ac_cv_header_inttypes_h=yes
ac_cv_header_stdint_h=yes
ac_cv_header_stdio_h=yes
ac_cv_header_stdlib_h=yes
ac_cv_header_string_h=yes
ac_cv_header_strings_h=yes
ac_cv_header_sys_stat_h=yes
ac_cv_header_sys_types_h=yes
ac_cv_header_unistd_h=yes
ac_cv_host=aarch64-apple-darwin24.0.0
ac_cv_objext=o
ac_cv_path_EGREP='/usr/bin/grep -E'
ac_cv_path_EGREP_TRADITIONAL='/usr/bin/grep -E'
ac_cv_path_GREP=/usr/bin/grep
ac_cv_path_SED=/usr/bin/sed
ac_cv_path_ac_pt_PKG_CONFIG=/Applications/XAMPP/xamppfiles/bin/pkg-config
ac_cv_prog_AWK=awk
ac_cv_prog_CPP='cc -E'
ac_cv_prog_CXXCPP='g++ -std=gnu++11 -E'
ac_cv_prog_ac_ct_AR=ar
ac_cv_prog_ac_ct_CC=cc
ac_cv_prog_ac_ct_CXX=g++
ac_cv_prog_ac_ct_DSYMUTIL=dsymutil
ac_cv_prog_ac_ct_NMEDIT=nmedit
ac_cv_prog_ac_ct_RANLIB=ranlib
ac_cv_prog_ac_ct_STRIP=strip
ac_cv_prog_cc_c11=
ac_cv_prog_cc_g=yes
ac_cv_prog_cc_stdc=
ac_cv_prog_cxx_cxx11=-std=gnu++11
ac_cv_prog_cxx_g=yes
ac_cv_prog_cxx_stdcxx=-std=gnu++11
ac_cv_target=aarch64-apple-darwin24.0.0
ax_cv_cxx_compile_cxx11__std_cpp11=yes
lt_cv_apple_cc_single_mod=yes
lt_cv_deplibs_check_method=pass_all
lt_cv_file_magic_cmd='$MAGIC_CMD'
lt_cv_file_magic_test_file=
lt_cv_ld_exported_symbols_list=yes
lt_cv_ld_reload_flag=-r
lt_cv_objdir=.libs
lt_cv_path_LD=/Library/Developer/CommandLineTools/usr/bin/ld
lt_cv_path_LDCXX=/Library/Developer/CommandLineTools/usr/bin/ld
lt_cv_path_NM='/usr/bin/nm -B'
lt_cv_path_SED=/usr/bin/sed
lt_cv_prog_compiler_c_o=yes
lt_cv_prog_compiler_c_o_CXX=yes
lt_cv_prog_compiler_pic_works=yes
lt_cv_prog_compiler_pic_works_CXX=yes
lt_cv_prog_compiler_rtti_exceptions=yes
lt_cv_prog_compiler_static_works=no
lt_cv_prog_compiler_static_works_CXX=no
lt_cv_prog_gnu_ld=no
lt_cv_prog_gnu_ldcxx=no
lt_cv_sys_global_symbol_pipe='sed -n -e '\''s/^.*[ 	]\([ABCDGIRSTW][ABCDGIRSTW]*\)[ 	][ 	]*_\([_A-Za-z][_A-Za-z0-9]*\)$/\1 _\2 \2/p'\'''
lt_cv_sys_global_symbol_to_c_name_address='sed -n -e '\''s/^: \([^ ]*\) $/  {\"\1\", (lt_ptr) 0},/p'\'' -e '\''s/^[BCDEGRST] \([^ ]*\) \([^ ]*\)$/  {"\2", (lt_ptr) \&\2},/p'\'''
lt_cv_sys_global_symbol_to_cdecl='sed -n -e '\''s/^. .* \(.*\)$/extern int \1;/p'\'''
lt_cv_sys_lib_dlsearch_path_spec='/usr/local/lib /lib /usr/lib'
lt_cv_sys_lib_search_path_spec='/Library/Developer/CommandLineTools/usr/lib/clang/15.0.0 /usr/local/lib'
lt_cv_sys_max_cmd_len=786432
lt_lt_cv_prog_compiler_c_o='"yes"'
lt_lt_cv_prog_compiler_c_o_CXX='"yes"'
lt_lt_cv_sys_global_symbol_pipe='"sed -n -e '\''s/^.*[ 	]\\([ABCDGIRSTW][ABCDGIRSTW]*\\)[ 	][ 	]*_\\([_A-Za-z][_A-Za-z0-9]*\\)\$/\\1 _\\2 \\2/p'\''"'
lt_lt_cv_sys_global_symbol_to_c_name_address='"sed -n -e '\''s/^: \\([^ ]*\\) \$/  {\\\"\\1\\\", (lt_ptr) 0},/p'\'' -e '\''s/^[BCDEGRST] \\([^ ]*\\) \\([^ ]*\\)\$/  {\"\\2\", (lt_ptr) \\&\\2},/p'\''"'
lt_lt_cv_sys_global_symbol_to_cdecl='"sed -n -e '\''s/^. .* \\(.*\\)\$/extern int \\1;/p'\''"'
php_cv_cc_rpath=yes
pkg_cv_ICU_CFLAGS='-I/opt/homebrew/Cellar/icu4c@76/76.1_1/include '
pkg_cv_ICU_LIBS='-L/opt/homebrew/Cellar/icu4c@76/76.1_1/lib -licuuc -licuio -licui18n '

## ----------------- ##
## Output variables. ##
## ----------------- ##

AR='ar'
AWK='awk'
BUILD_CC='cc'
CC='cc'
CFLAGS='-g -O2'
CONFIGURE_COMMAND=' '\''./configure'\''  '\''--with-php-config=/Applications/XAMPP/xamppfiles/bin/php-config'\'' '\''--with-icu-dir=/opt/homebrew/opt/icu4c@76'\'' '\''PKG_CONFIG_PATH=/opt/homebrew/opt/icu4c@76/lib/pkgconfig'\'''
CONFIGURE_OPTIONS=' '\''--with-php-config=/Applications/XAMPP/xamppfiles/bin/php-config'\'' '\''--with-icu-dir=/opt/homebrew/opt/icu4c@76'\'' '\''PKG_CONFIG_PATH=/opt/homebrew/opt/icu4c@76/lib/pkgconfig'\'''
CPP='cc -E'
CPPFLAGS='-I/opt/homebrew/opt/icu4c@76/include -DHAVE_CONFIG_H'
CXX='g++ -std=gnu++11'
CXXCPP='g++ -std=gnu++11 -E'
CXXFLAGS='-g -O2'
DEFS='-DHAVE_CONFIG_H'
DSYMUTIL='dsymutil'
ECHO='/bin/echo'
ECHO_C='\c'
ECHO_N=''
ECHO_T=''
EGREP='/usr/bin/grep -E'
EXEEXT=''
GREP='/usr/bin/grep'
HAVE_CXX11=''
ICU_CFLAGS='-I/opt/homebrew/Cellar/icu4c@76/76.1_1/include  -DU_NO_DEFAULT_INCLUDE_UTF_HEADERS=1 -DU_HIDE_OBSOLETE_UTF_OLD_H=1'
ICU_LIBS='-L/opt/homebrew/Cellar/icu4c@76/76.1_1/lib -licuuc -licuio -licui18n '
LDFLAGS='-L/opt/homebrew/opt/icu4c@76/lib'
LIBOBJS=''
LIBS='-lstdc++ '
LIBTOOL='$(SHELL) $(top_builddir)/libtool'
LN_S='ln -s'
LTLIBOBJS=''
NMEDIT='nmedit'
OBJEXT='o'
PACKAGE_BUGREPORT=''
PACKAGE_NAME=''
PACKAGE_STRING=''
PACKAGE_TARNAME=''
PACKAGE_URL=''
PACKAGE_VERSION=''
PATH_SEPARATOR=':'
PKG_CONFIG='/Applications/XAMPP/xamppfiles/bin/pkg-config'
PKG_CONFIG_LIBDIR=''
PKG_CONFIG_PATH='/opt/homebrew/opt/icu4c@76/lib/pkgconfig'
RANLIB='ranlib'
SED='/usr/bin/sed'
SHELL='/bin/sh'
SHLIB_DL_SUFFIX_NAME='so'
SHLIB_SUFFIX_NAME='dylib'
STRIP='strip'
ac_ct_CC='cc'
ac_ct_CXX='g++'
bindir='${exec_prefix}/bin'
build='aarch64-apple-darwin24.0.0'
build_alias=''
build_cpu='aarch64'
build_os='darwin24.0.0'
build_vendor='apple'
datadir='${datarootdir}'
datarootdir='${prefix}/share'
docdir='${datarootdir}/doc/${PACKAGE}'
dvidir='${docdir}'
exec_prefix='$(prefix)'
host='aarch64-apple-darwin24.0.0'
host_alias='aarch64-apple-darwin24.0.0'
host_cpu='aarch64'
host_os='darwin24.0.0'
host_vendor='apple'
htmldir='${docdir}'
includedir='${prefix}/include'
infodir='${datarootdir}/info'
libdir='${exec_prefix}/lib'
libexecdir='${exec_prefix}/libexec'
localedir='${datarootdir}/locale'
localstatedir='${prefix}/var'
mandir='${datarootdir}/man'
oldincludedir='/usr/include'
pdfdir='${docdir}'
prefix='/Applications/XAMPP/xamppfiles'
program_transform_name='s,x,x,'
psdir='${docdir}'
runstatedir='${localstatedir}/run'
sbindir='${exec_prefix}/sbin'
sharedstatedir='${prefix}/com'
sysconfdir='${prefix}/etc'
target='aarch64-apple-darwin24.0.0'
target_alias=''
target_cpu='aarch64'
target_os='darwin24.0.0'
target_vendor='apple'

## ----------- ##
## confdefs.h. ##
## ----------- ##

/* confdefs.h */
#define PACKAGE_NAME ""
#define PACKAGE_TARNAME ""
#define PACKAGE_VERSION ""
#define PACKAGE_STRING ""
#define PACKAGE_BUGREPORT ""
#define PACKAGE_URL ""
#define COMPILE_DL_INTL 1
#define HAVE_STDIO_H 1
#define HAVE_STDLIB_H 1
#define HAVE_STRING_H 1
#define HAVE_INTTYPES_H 1
#define HAVE_STDINT_H 1
#define HAVE_STRINGS_H 1
#define HAVE_SYS_STAT_H 1
#define HAVE_SYS_TYPES_H 1
#define HAVE_UNISTD_H 1
#define STDC_HEADERS 1
#define HAVE_DLFCN_H 1

configure: exit 0
